/usr/sbin/mariadbd, Version: 10.6.21-MariaDB-log (MariaDB Server). started with:
Tcp port: 0  Unix socket: (null)
Time		    Id Command	Argument
# Time: 250417  0:51:46
# User@Host: shoulders[shoulders] @ localhost []
# Thread_id: 10226  Schema: qwarptest_alpha  QC_hit: No
# Query_time: 12.749595  Lock_time: 0.000000  Rows_sent: 1318475  Rows_examined: 1318475
# Rows_affected: 0  Bytes_sent: 128131476
use `qwarptest_alpha`;
SET timestamp=1744847506;
SELECT /*!40001 SQL_NO_CACHE */ `id`, `name`, `description` FROM `the_records`;
# Time: 250417  2:20:32
# User@Host: shoulders[shoulders] @ localhost []
# Thread_id: 10226  Schema: qwarptest_beta  QC_hit: No
# Query_time: 12.749595  Lock_time: 0.000000  Rows_sent: 1318475  Rows_examined: 1318475
# Rows_affected: 0  Bytes_sent: 106349125
use `qwarptest_beta`;
SET timestamp=1744852832;
SELECT /*!40001 SQL_NO_CACHE */ `id`, `name`, `description` FROM `the_records`  WHERE `status` = 'working';
# User@Host: shoulders[shoulders] @ localhost []
# Thread_id: 10226  Schema: qwarptest_beta  QC_hit: No
# Query_time: 12.749595  Lock_time: 0.000000  Rows_sent: 1318475  Rows_examined: 1318475
# Rows_affected: 0  Bytes_sent: 106349125
use `qwarptest_beta`;
SET timestamp=1744852832;
SELECT /*!40001 SQL_NO_CACHE */ `id`, `name`, `description` FROM `the_records`  WHERE `status` = 'deceased';
# Time: 250418  0:52:05
# User@Host: shoulders[shoulders] @ localhost []
# Thread_id: 83458  Schema: qwarptest_alpha  QC_hit: No
# Query_time: 12.137718  Lock_time: 0.000000  Rows_sent: 1319719  Rows_examined: 1319719
# Rows_affected: 0  Bytes_sent: 128251171
SET timestamp=1744933925;
SELECT /*!40001 SQL_NO_CACHE */ `id`, `birthday`, `address` FROM `the_records`;
# Time: 250418  1:34:17
# User@Host: shoulders[shoulders] @ localhost []
# Thread_id: 83458  Schema: qwarptest_alpha  QC_hit: No
# Query_time: 20.137718  Lock_time: 0.000000  Rows_sent: 1527215  Rows_examined: 1527215
# Rows_affected: 0  Bytes_sent: 178252275
SET timestamp=1744943657;
SELECT /*!40001 SQL_NO_CACHE */ `id`, `name`, `description` FROM `the_records` WHERE `status` = 'holiday';
# Time: 250418  15:10:07
# User@Host: shoulders[shoulders] @ localhost []
# Thread_id: 72276  Schema: qwarptest_beta  QC_hit: No
# Query_time: 0.005718  Lock_time: 0.000039  Rows_sent: 307  Rows_examined: 307
# Rows_affected: 0  Bytes_sent: 16384
use `qwarptest_beta`;
SET timestamp=1744985407;
SELECT `name`, `value` FROM `chicken_run` WHERE `status` = 'slow';
# User@Host: shoulders[shoudlers] @ localhost []
# Thread_id: 72276  Schema: qwarptest_beta  QC_hit: No
# Query_time: 0.001130  Lock_time: 0.000046  Rows_sent: 64  Rows_examined: 292
# Rows_affected: 0  Bytes_sent: 0
SET timestamp=1744985407;
SELECT `name`, `value` FROM `chicken_run` WHERE `status` = 'fast';
# User@Host: shoulders[shoudlers] @ localhost []
# Thread_id: 72276  Schema: qwarptest_beta  QC_hit: No
# Query_time: 0.001130  Lock_time: 0.000046  Rows_sent: 72  Rows_examined: 307
# Rows_affected: 0  Bytes_sent: 0
SET timestamp=1744985407;
SELECT `name`, `value` FROM `chicken_run` WHERE `status` = 'medium';
# Time: 250419  17:22:13
# User@Host: shoulders[shoulders] @ localhost []
# Thread_id: 72276  Schema: qwarptest_beta  QC_hit: No
# Query_time: 13.022718  Lock_time: 0.000151  Rows_sent: 556  Rows_examined: 847
# Rows_affected: 0  Bytes_sent: 16384
use `qwarptest_beta`;
SET timestamp=1745079733;
SELECT `name`, `value` FROM `chicken_run` WHERE `status` = 'slow';
# User@Host: shoulders[shoudlers] @ localhost []
# Thread_id: 72276  Schema: qwarptest_beta  QC_hit: No
# Query_time: 14.006723  Lock_time: 0.000232  Rows_sent: 169  Rows_examined: 727
# Rows_affected: 0  Bytes_sent: 0
SET timestamp=1745079733;
SELECT `name`, `value` FROM `chicken_run` WHERE `status` = 'fast';
